<?xml version="1.0" encoding="UTF-8"?>
<testsuite xmlns:xsi="http://www.w3.org/2001/XMLSchema-instance" xsi:noNamespaceSchemaLocation="https://maven.apache.org/surefire/maven-surefire-plugin/xsd/surefire-test-report.xsd" name="paint.GeneralTest.ShapePartyTest" time="2.783" tests="4" errors="0" skipped="0" failures="0">
  <properties>
[...]
</properties>
  <testcase name="testAddingAndRemovingShapes" classname="paint.GeneralTest.ShapePartyTest" time="2.638"/>
  <testcase name="mockTest" classname="paint.GeneralTest.ShapePartyTest" time="0.078"/>
  <testcase name="testCalculTotalArea" classname="paint.GeneralTest.ShapePartyTest" time="0.005"/>
  <testcase name="testCalculTotalPerimeter" classname="paint.GeneralTest.ShapePartyTest" time="0.005"/>
</testsuite>